C:\Users\Howard\Desktop\Wooki stuff\MiniIDE\Programs\homework set #7.lst - generated by MGTEK Assembler ASM11 V1.22 Build 137 for WIN32 (x86) - Mon Nov 12 18:10:20 2018

    1:          =00001003              PORTC   EQU     $1003   ; sets up the datalocation of port c to be called by name
    2:          =00001007              DDRC    EQU     $1007   ; sets up the direction registar of port c to do the same
    3:                                 
    4:                                 
    5:          =0000C000                      ORG     $C000
    6:                                 
    7:     C000 86 F0                  START   LDAA    #%11110000      ;loads and saves 0F to DDRC, causing the the 4 least segnificant bits to be inputs, the other 4 to be outputs. 
    8:     C002 B7 1007                        STAA    DDRC            
    9:     C005 B6 1003                LOOP    LDAA    PORTC           ;Reads port C, than masks out bit 1
   10:     C008 84 01                          ANDA    #%00000001
   11:                                 
   12:     C00A 27 0A                          BEQ     ISZERO          ;Directs the program counter to which branch to take depending on the value of bit 4
   13:                                 
   14:     C00C 86 10                          LDAA    #%00010000      
   15:     C00E BA 1003                        ORAA    PORTC           ;bit 1 was 1
   16:     C011 B7 1003                        STAA    PORTC           ;so force bit 4 to 1
   17:     C014 20 EF                          BRA     LOOP            ; loop forever
   18:                                 
   19:     C016 86 EF                  ISZERO  LDAA    #%11101111      ;bit 1 was 0, 
   20:     C018 B4 1003                        ANDA    PORTC
   21:     C01B B7 1003                        STAA    PORTC           ;so force bit 4 to a 0 
   22:     C01E 20 E5                          BRA     LOOP            ;loop forever
   23:                                 
   24:                                         
   25:                                 
   26:          =0000FFFE                      ORG     $FFFE
   27:     FFFE C000                           FDB     START

Symbols:
ddrc                            *00001007
iszero                          *0000c016
loop                            *0000c005
portc                           *00001003
start                           *0000c000

